<?xml version='1.0' encoding='UTF-8'?>
<testsuite hostname="DESKTOP-627OCQC" name="Test05" tests="1" errors="0" failures="0" skipped="0" time="0.878" timestamp="2018-10-23T11:30:08">
                     <properties>
[...]
</properties>
                     <testcase classname="Test05" name="Valid transaction between two different banks, sender transaction list should have the correct status information" time="0.878">
                                                 
                                               </testcase>
                     <system-out><![CDATA[]]></system-out>
                     <system-err><![CDATA[]]></system-err>
                   </testsuite>